<?xml version="1.0" encoding="UTF-8"?>
<testng-results skipped="0" failed="0" total="2" passed="2">
  <reporter-output>
  </reporter-output>
  <suite name="Default suite" duration-ms="93150" started-at="2017-11-27T22:31:03Z" finished-at="2017-11-27T22:32:36Z">
    <groups>
    </groups>
    <test name="Default test" duration-ms="93150" started-at="2017-11-27T22:31:03Z" finished-at="2017-11-27T22:32:36Z">
      <class name="testSuites.Regression">
        <test-method status="PASS" signature="setUpdevice()[pri:0, instance:testSuites.Regression@6e1567f1]" name="setUpdevice" is-config="true" duration-ms="5713" started-at="2017-11-28T09:31:03Z" finished-at="2017-11-28T09:31:08Z">
          <reporter-output>
          </reporter-output>
        </test-method> <!-- setUpdevice -->
        <test-method status="PASS" signature="loginToApp()[pri:1, instance:testSuites.Regression@6e1567f1]" name="loginToApp" duration-ms="25896" started-at="2017-11-28T09:31:08Z" finished-at="2017-11-28T09:31:34Z">
          <reporter-output>
          </reporter-output>
        </test-method> <!-- loginToApp -->
        <test-method status="PASS" signature="setUpdevice()[pri:0, instance:testSuites.Regression@6e1567f1]" name="setUpdevice" is-config="true" duration-ms="5080" started-at="2017-11-28T09:31:34Z" finished-at="2017-11-28T09:31:39Z">
          <reporter-output>
          </reporter-output>
        </test-method> <!-- setUpdevice -->
        <test-method status="PASS" signature="changeDailyChallengeActivity()[pri:2, instance:testSuites.Regression@6e1567f1]" name="changeDailyChallengeActivity" duration-ms="56438" started-at="2017-11-28T09:31:39Z" finished-at="2017-11-28T09:32:36Z">
          <reporter-output>
          </reporter-output>
        </test-method> <!-- changeDailyChallengeActivity -->
      </class> <!-- testSuites.Regression -->
    </test> <!-- Default test -->
  </suite> <!-- Default suite -->
</testng-results>
